{
  message: 'Server running in development mode on port 5000',
  level: 'info',
  timestamp: '2023-05-29 06:56:31.394 AM'
}
{
  message: 'Server running in development mode on port 5000',
  level: 'info',
  timestamp: '2023-05-29 07:53:40.726 AM'
}
{
  message: 'Server running in development mode on port 5000',
  level: 'info',
  timestamp: '2023-05-29 07:55:39.431 AM'
}
{
  message: 'Server running in development mode on port 5000',
  level: 'info',
  timestamp: '2023-05-29 09:57:19.900 AM'
}
{
  message: 'Server running in development mode on port 5000',
  level: 'info',
  timestamp: '2023-05-29 07:57:37.803 AM'
}
{
  message: 'Server running in development mode on port 5000',
  level: 'info',
  timestamp: '2023-05-29 08:10:06.727 AM'
}
{
  message: 'Server running in development mode on port 5000',
  level: 'info',
  timestamp: '2023-05-29 10:21:46.210 AM'
}
{
  message: 'Server running in development mode on port 5000',
  level: 'info',
  timestamp: '2023-05-29 10:22:54.827 AM'
}
{
  message: 'Server running in development mode on port 5000',
  level: 'info',
  timestamp: '2023-05-29 10:23:06.480 AM'
}
{
  message: 'Server running in development mode on port 5000',
  level: 'info',
  timestamp: '2023-05-29 11:40:02.335 AM'
}
{
  message: 'Server running in development mode on port 5000',
  level: 'info',
  timestamp: '2023-05-29 11:42:25.212 AM'
}
{
  message: 'Server running in development mode on port 5000',
  level: 'info',
  timestamp: '2023-05-29 11:42:39.651 AM'
}
{
  message: 'Server running in development mode on port 5000',
  level: 'info',
  timestamp: '2023-05-29 11:42:46.274 AM'
}
{
  message: 'Server running in development mode on port 5000',
  level: 'info',
  timestamp: '2023-05-29 12:38:16.527 PM'
}
{
  message: 'Server running in development mode on port 5000',
  level: 'info',
  timestamp: '2023-05-29 12:39:32.085 PM'
}
{
  message: 'Server running in development mode on port 5000',
  level: 'info',
  timestamp: '2023-05-29 12:41:43.988 PM'
}
{
  message: 'Server running in development mode on port 5000',
  level: 'info',
  timestamp: '2023-05-29 11:14:16.136 AM'
}
{
  message: 'Server running in development mode on port 5000',
  level: 'info',
  timestamp: '2023-05-29 11:30:06.166 AM'
}
{
  message: 'Server running in development mode on port 5000',
  level: 'info',
  timestamp: '2023-05-29 11:40:07.779 AM'
}
{
  message: 'Server running in development mode on port 5000',
  level: 'info',
  timestamp: '2023-05-29 11:55:42.784 AM'
}
{
  message: 'Server running in development mode on port 5000',
  level: 'info',
  timestamp: '2023-05-29 11:58:59.832 AM'
}
{
  message: 'Server running in development mode on port 5000',
  level: 'info',
  timestamp: '2023-05-29 12:38:35.141 PM'
}
{
  message: 'Server running in development mode on port 5000',
  level: 'info',
  timestamp: '2023-05-29 12:47:50.329 PM'
}
{
  message: 'Server running in development mode on port 5000',
  level: 'info',
  timestamp: '2023-05-29 01:18:44.692 PM'
}
{
  message: 'Server running in development mode on port 5000',
  level: 'info',
  timestamp: '2023-05-29 02:17:22.306 PM'
}
{
  message: 'Server running in development mode on port 5000',
  level: 'info',
  timestamp: '2023-05-29 03:22:37.414 PM'
}
{
  message: 'Server running in development mode on port 5000',
  level: 'info',
  timestamp: '2023-05-29 04:04:06.122 PM'
}
{
  message: 'Server running in development mode on port 5000',
  level: 'info',
  timestamp: '2023-05-29 04:38:07.599 PM'
}
{
  message: 'Server running in development mode on port 5000',
  level: 'info',
  timestamp: '2023-05-29 04:55:08.328 PM'
}
{
  message: 'Server running in development mode on port 5000',
  level: 'info',
  timestamp: '2023-05-29 05:27:23.053 PM'
}
{
  method: 'GET',
  url: '/api/v1/test',
  status: 200,
  content_length: '39',
  response_time: 10.401,
  level: 'http',
  message: 'incoming-request',
  timestamp: '2023-05-29 05:31:41.235 PM'
}
{
  message: 'Server running in development mode on port 5000',
  level: 'info',
  timestamp: '2023-05-29 06:13:10.247 PM'
}
{
  message: 'Server running in development mode on port 5000',
  level: 'info',
  timestamp: '2023-05-29 06:13:55.723 PM'
}
{
  method: 'GET',
  url: '/api/v1/test',
  status: 200,
  content_length: '39',
  response_time: 5.785,
  level: 'http',
  message: 'incoming-request',
  timestamp: '2023-05-29 06:18:08.750 PM'
}
{
  method: 'GET',
  url: '/api/v1/test',
  status: 304,
  response_time: 2.139,
  level: 'http',
  message: 'incoming-request',
  timestamp: '2023-05-29 06:18:12.001 PM'
}
{
  method: 'GET',
  url: '/api/v1/test',
  status: 304,
  response_time: 0.742,
  level: 'http',
  message: 'incoming-request',
  timestamp: '2023-05-29 06:18:26.738 PM'
}
{
  method: 'GET',
  url: '/api/v1/test',
  status: 304,
  response_time: 27.943,
  level: 'http',
  message: 'incoming-request',
  timestamp: '2023-05-29 06:58:16.608 PM'
}
{
  method: 'GET',
  url: '/api/v1/test',
  status: 200,
  content_length: '39',
  response_time: 3.066,
  level: 'http',
  message: 'incoming-request',
  timestamp: '2023-05-29 07:36:58.182 PM'
}
{
  message: 'Server running in development mode on port 5000',
  level: 'info',
  timestamp: '2023-05-29 09:50:08.340 PM'
}
{
  message: 'Server running in development mode on port 5000',
  level: 'info',
  timestamp: '2023-05-29 09:50:11.389 PM'
}
{
  message: 'Server running in development mode on port 5000',
  level: 'info',
  timestamp: '2023-05-29 08:12:51.080 PM'
}
{
  method: 'GET',
  url: '/api/v1/test',
  status: 304,
  response_time: 17.097,
  level: 'http',
  message: 'incoming-request',
  timestamp: '2023-05-29 08:13:39.963 PM'
}
{
  method: 'GET',
  url: '/api/v1/test',
  status: 304,
  response_time: 27.841,
  level: 'http',
  message: 'incoming-request',
  timestamp: '2023-05-29 08:13:52.824 PM'
}
{
  method: 'GET',
  url: '/api/v1/test',
  status: 304,
  response_time: 1.34,
  level: 'http',
  message: 'incoming-request',
  timestamp: '2023-05-29 08:14:00.820 PM'
}
{
  method: 'GET',
  url: '/api/v1/tes',
  status: 404,
  content_length: 149,
  response_time: 19.29,
  level: 'http',
  message: 'incoming-request',
  timestamp: '2023-05-29 08:23:06.018 PM'
}
{
  method: 'GET',
  url: '/api/v1/',
  status: 404,
  content_length: 146,
  response_time: 1.22,
  level: 'http',
  message: 'incoming-request',
  timestamp: '2023-05-29 08:23:40.808 PM'
}
{
  method: 'GET',
  url: '/api/v1/test',
  status: 304,
  response_time: 2.46,
  level: 'http',
  message: 'incoming-request',
  timestamp: '2023-05-29 08:23:44.066 PM'
}
{
  message: 'Server running in development mode on port 5000',
  level: 'info',
  timestamp: '2023-05-29 10:34:08.406 PM'
}
{
  message: 'Server running in development mode on port 5000',
  level: 'info',
  timestamp: '2023-05-29 10:37:25.105 PM'
}
{
  message: 'Server running in development mode on port 5000',
  level: 'info',
  timestamp: '2023-05-29 10:37:27.208 PM'
}
{
  message: 'Server running in development mode on port 5000',
  level: 'info',
  timestamp: '2023-05-29 10:37:53.732 PM'
}
{
  message: 'Server running in development mode on port 5000',
  level: 'info',
  timestamp: '2023-05-29 10:38:00.535 PM'
}
{
  message: 'Server running in development mode on port 5000',
  level: 'info',
  timestamp: '2023-05-29 10:41:07.177 PM'
}
{
  message: 'Server running in development mode on port 5000',
  level: 'info',
  timestamp: '2023-05-29 10:41:43.011 PM'
}
{
  message: 'Server running in development mode on port 5000',
  level: 'info',
  timestamp: '2023-05-29 10:43:47.473 PM'
}
{
  message: 'Server running in development mode on port 5000',
  level: 'info',
  timestamp: '2023-05-29 10:46:18.947 PM'
}
{
  message: 'Server running in development mode on port 5000',
  level: 'info',
  timestamp: '2023-05-29 09:00:58.367 PM'
}
