{
  message: '\x1B[32m\x1B[1mMongoDB Connected: mongodb\x1B[22m\x1B[39m',
  level: 'info',
  timestamp: '2023-06-01 07:03:15.007 AM'
}
{
  message: 'Server running in development mode on port 5000',
  level: 'info',
  timestamp: '2023-06-01 07:03:15.043 AM'
}
{
  method: 'POST',
  url: '/api/v1/auth/register',
  status: 200,
  content_length: '152',
  response_time: 473.387,
  level: 'http',
  message: 'incoming-request',
  timestamp: '2023-06-01 07:09:52.325 AM'
}
{
  method: 'GET',
  url: '/api/v1/auth/verify/30b797bbd3a341185e0e9b8c139a504aef667cb86cdd1f68728d1d7c6da0cfe6/6478443f3729eef4f331624d',
  status: 302,
  content_length: '68',
  response_time: 251.645,
  level: 'http',
  message: 'incoming-request',
  timestamp: '2023-06-01 07:10:14.126 AM'
}
{
  method: 'POST',
  url: '/api/v1/login',
  status: 404,
  content_length: '892',
  response_time: 1.386,
  level: 'http',
  message: 'incoming-request',
  timestamp: '2023-06-01 07:12:47.261 AM'
}
{
  method: 'POST',
  url: '/api/v1/auth/login',
  status: 404,
  content_length: '892',
  response_time: 1.262,
  level: 'http',
  message: 'incoming-request',
  timestamp: '2023-06-01 07:12:59.103 AM'
}
{
  message: '\x1B[32m\x1B[1mMongoDB Connected: mongodb\x1B[22m\x1B[39m',
  level: 'info',
  timestamp: '2023-06-01 07:18:04.616 AM'
}
{
  message: 'Server running in development mode on port 5000',
  level: 'info',
  timestamp: '2023-06-01 07:18:04.670 AM'
}
{
  message: 'incorrect email or password',
  level: 'error',
  timestamp: '2023-06-01 07:18:22.125 AM'
}
{
  method: 'POST',
  url: '/api/v1/auth/login',
  status: 401,
  content_length: '263',
  response_time: 23.739,
  level: 'http',
  message: 'incoming-request',
  timestamp: '2023-06-01 07:18:22.139 AM'
}
{
  method: 'POST',
  url: '/api/v1/auth/login',
  status: 200,
  content_length: '314',
  response_time: 524.257,
  level: 'http',
  message: 'incoming-request',
  timestamp: '2023-06-01 07:18:33.226 AM'
}
{
  method: 'GET',
  url: '/api/v1/new_access_token',
  status: 404,
  content_length: '914',
  response_time: 43.451,
  level: 'http',
  message: 'incoming-request',
  timestamp: '2023-06-01 07:58:45.527 AM'
}
{
  method: 'GET',
  url: '/api/v1/new_access_token',
  status: 404,
  content_length: '914',
  response_time: 0.567,
  level: 'http',
  message: 'incoming-request',
  timestamp: '2023-06-01 07:59:42.540 AM'
}
{
  message: '\x1B[32m\x1B[1mMongoDB Connected: mongodb\x1B[22m\x1B[39m',
  level: 'info',
  timestamp: '2023-06-01 08:01:08.094 AM'
}
{
  message: 'Server running in development mode on port 5000',
  level: 'info',
  timestamp: '2023-06-01 08:01:08.174 AM'
}
{
  method: 'GET',
  url: '/api/v1/new_access_token',
  status: 404,
  content_length: '914',
  response_time: 9.326,
  level: 'http',
  message: 'incoming-request',
  timestamp: '2023-06-01 08:01:10.889 AM'
}
{
  method: 'GET',
  url: '/api/v1/auth/new_access_token',
  status: 200,
  content_length: '314',
  response_time: 111.424,
  level: 'http',
  message: 'incoming-request',
  timestamp: '2023-06-01 08:01:22.442 AM'
}
{
  method: 'GET',
  url: '/api/v1/auth/new_access_token',
  status: 200,
  content_length: '314',
  response_time: 23.053,
  level: 'http',
  message: 'incoming-request',
  timestamp: '2023-06-01 08:01:50.630 AM'
}
{
  method: 'GET',
  url: '/api/v1/auth/new_access_token',
  status: 200,
  content_length: '314',
  response_time: 13.261,
  level: 'http',
  message: 'incoming-request',
  timestamp: '2023-06-01 08:02:18.052 AM'
}
{
  method: 'GET',
  url: '/api/v1/auth/new_access_token',
  status: 200,
  content_length: '314',
  response_time: 10.945,
  level: 'http',
  message: 'incoming-request',
  timestamp: '2023-06-01 08:02:22.908 AM'
}
{
  method: 'GET',
  url: '/api/v1/auth/new_access_token',
  status: 200,
  content_length: '314',
  response_time: 9.484,
  level: 'http',
  message: 'incoming-request',
  timestamp: '2023-06-01 08:02:25.248 AM'
}
{
  method: 'GET',
  url: '/api/v1/resend_email_token',
  status: 404,
  content_length: '918',
  response_time: 0.886,
  level: 'http',
  message: 'incoming-request',
  timestamp: '2023-06-01 08:27:42.708 AM'
}
{
  message: '\x1B[32m\x1B[1mMongoDB Connected: mongodb\x1B[22m\x1B[39m',
  level: 'info',
  timestamp: '2023-06-01 08:29:17.300 AM'
}
{
  message: 'Server running in development mode on port 5000',
  level: 'info',
  timestamp: '2023-06-01 08:29:17.316 AM'
}
{
  method: 'GET',
  url: '/api/v1/resend_email_token',
  status: 404,
  content_length: '918',
  response_time: 11.066,
  level: 'http',
  message: 'incoming-request',
  timestamp: '2023-06-01 08:29:17.829 AM'
}
{
  method: 'GET',
  url: '/api/v1/resend_email_token',
  status: 404,
  content_length: '918',
  response_time: 0.639,
  level: 'http',
  message: 'incoming-request',
  timestamp: '2023-06-01 08:29:23.879 AM'
}
{
  method: 'GET',
  url: '/api/v1/auth/resend_email_token',
  status: 404,
  content_length: '918',
  response_time: 1.684,
  level: 'http',
  message: 'incoming-request',
  timestamp: '2023-06-01 08:29:50.138 AM'
}
{
  method: 'GET',
  url: '/api/v1/auth/resend_email_token',
  status: 404,
  content_length: '918',
  response_time: 0.889,
  level: 'http',
  message: 'incoming-request',
  timestamp: '2023-06-01 08:30:05.514 AM'
}
{
  method: 'POST',
  url: '/api/v1/auth/resend_email_token',
  status: 400,
  content_length: '317',
  response_time: 26.432,
  level: 'http',
  message: 'incoming-request',
  timestamp: '2023-06-01 08:30:31.393 AM'
}
{
  method: 'POST',
  url: '/api/v1/auth/register',
  status: 200,
  content_length: '1032',
  response_time: 242.714,
  level: 'http',
  message: 'incoming-request',
  timestamp: '2023-06-01 08:30:49.329 AM'
}
{
  method: 'POST',
  url: '/api/v1/auth/register',
  status: 200,
  content_length: '152',
  response_time: 303.621,
  level: 'http',
  message: 'incoming-request',
  timestamp: '2023-06-01 08:31:13.849 AM'
}
{
  method: 'POST',
  url: '/api/v1/auth/resend_email_token',
  status: 200,
  content_length: '109',
  response_time: 108.381,
  level: 'http',
  message: 'incoming-request',
  timestamp: '2023-06-01 08:31:35.643 AM'
}
{
  method: 'GET',
  url: '/api/v1/auth/verify/325da226eb76d464a132a1f826ce9fbb439be5dbaa0f23848beb0f34a13b6a1c/64785751b45e4c3a87f4f87a',
  status: 400,
  content_length: '299',
  response_time: 23.013,
  level: 'http',
  message: 'incoming-request',
  timestamp: '2023-06-01 08:32:54.434 AM'
}
{
  method: 'GET',
  url: '/api/v1/auth/verify/cc12947a5e7fb786dd0ab816c99cbce98f26037f139778dcdc72c17ed9c9d4af/64785751b45e4c3a87f4f87a',
  status: 302,
  content_length: '68',
  response_time: 157.15,
  level: 'http',
  message: 'incoming-request',
  timestamp: '2023-06-01 08:33:17.921 AM'
}
{
  method: 'GET',
  url: '/api/v1/auth/verify/325da226eb76d464a132a1f826ce9fbb439be5dbaa0f23848beb0f34a13b6a1c/64785751b45e4c3a87f4f87a',
  status: 400,
  content_length: '49',
  response_time: 7.49,
  level: 'http',
  message: 'incoming-request',
  timestamp: '2023-06-01 08:33:34.723 AM'
}
{
  method: 'POST',
  url: '/api/v1/auth/resend_email_token',
  status: 400,
  content_length: '315',
  response_time: 16.642,
  level: 'http',
  message: 'incoming-request',
  timestamp: '2023-06-01 09:04:55.780 AM'
}
{
  method: 'POST',
  url: '/api/v1/auth/reset_password_request',
  status: 404,
  content_length: '926',
  response_time: 0.469,
  level: 'http',
  message: 'incoming-request',
  timestamp: '2023-06-01 09:05:41.154 AM'
}
{
  message: '\x1B[32m\x1B[1mMongoDB Connected: mongodb\x1B[22m\x1B[39m',
  level: 'info',
  timestamp: '2023-06-01 09:07:10.822 AM'
}
{
  message: 'Server running in development mode on port 5000',
  level: 'info',
  timestamp: '2023-06-01 09:07:10.866 AM'
}
{
  method: 'POST',
  url: '/api/v1/auth/reset_password_request',
  status: 400,
  content_length: '913',
  response_time: 7.876,
  level: 'http',
  message: 'incoming-request',
  timestamp: '2023-06-01 09:07:19.111 AM'
}
{
  method: 'POST',
  url: '/api/v1/auth/reset_password_request',
  status: 200,
  content_length: '109',
  response_time: 547.52,
  level: 'http',
  message: 'incoming-request',
  timestamp: '2023-06-01 09:07:42.891 AM'
}
{
  method: 'POST',
  url: '/api/v1/auth/reset_password',
  status: 400,
  content_length: '919',
  response_time: 2.59,
  level: 'http',
  message: 'incoming-request',
  timestamp: '2023-06-01 09:12:36.567 AM'
}
{
  method: 'POST',
  url: '/api/v1/auth/reset_password',
  status: 400,
  content_length: '891',
  response_time: 0.767,
  level: 'http',
  message: 'incoming-request',
  timestamp: '2023-06-01 09:12:54.640 AM'
}
{
  method: 'POST',
  url: '/api/v1/auth/reset_password',
  status: 200,
  content_length: '653',
  response_time: 31.272,
  level: 'http',
  message: 'incoming-request',
  timestamp: '2023-06-01 09:13:10.198 AM'
}
{
  method: 'POST',
  url: '/api/v1/auth/reset_password',
  status: 200,
  content_length: '119',
  response_time: 264.913,
  level: 'http',
  message: 'incoming-request',
  timestamp: '2023-06-01 09:13:41.487 AM'
}
{
  method: 'POST',
  url: '/api/v1/auth/login',
  status: 200,
  content_length: '310',
  response_time: 311.85,
  level: 'http',
  message: 'incoming-request',
  timestamp: '2023-06-01 09:15:07.146 AM'
}
{
  method: 'POST',
  url: '/api/v1/auth/reset_password',
  status: 400,
  content_length: '365',
  response_time: 5.009,
  level: 'http',
  message: 'incoming-request',
  timestamp: '2023-06-01 09:16:17.758 AM'
}
{
  message: '\x1B[32m\x1B[1mMongoDB Connected: mongodb\x1B[22m\x1B[39m',
  level: 'info',
  timestamp: '2023-06-01 09:29:35.293 AM'
}
{
  message: 'Server running in development mode on port 5000',
  level: 'info',
  timestamp: '2023-06-01 09:29:35.335 AM'
}
{
  method: 'GET',
  url: '/api/v1/auth/logout',
  status: 200,
  content_length: '74',
  response_time: 266.353,
  level: 'http',
  message: 'incoming-request',
  timestamp: '2023-06-01 09:29:36.704 AM'
}
{
  method: 'GET',
  url: '/api/v1/auth/logout',
  status: 204,
  response_time: 1.898,
  level: 'http',
  message: 'incoming-request',
  timestamp: '2023-06-01 09:29:48.828 AM'
}
{
  method: 'GET',
  url: '/api/v1/auth/logout',
  status: 204,
  response_time: 0.78,
  level: 'http',
  message: 'incoming-request',
  timestamp: '2023-06-01 09:29:55.797 AM'
}
{
  method: 'POST',
  url: '/api/v1/auth/login',
  status: 200,
  content_length: '310',
  response_time: 537.03,
  level: 'http',
  message: 'incoming-request',
  timestamp: '2023-06-01 09:30:08.250 AM'
}
{
  method: 'POST',
  url: '/api/v1/auth/register',
  status: 200,
  content_length: '1024',
  response_time: 173.223,
  level: 'http',
  message: 'incoming-request',
  timestamp: '2023-06-01 09:30:35.532 AM'
}
{
  method: 'POST',
  url: '/api/v1/auth/register',
  status: 200,
  content_length: '148',
  response_time: 255.642,
  level: 'http',
  message: 'incoming-request',
  timestamp: '2023-06-01 09:30:49.754 AM'
}
{
  method: 'GET',
  url: '/api/v1/auth/logout',
  status: 200,
  content_length: '74',
  response_time: 9.092,
  level: 'http',
  message: 'incoming-request',
  timestamp: '2023-06-01 09:30:58.703 AM'
}
{
  method: 'GET',
  url: '/api/v1/auth/logout',
  status: 204,
  response_time: 0.689,
  level: 'http',
  message: 'incoming-request',
  timestamp: '2023-06-01 09:31:01.974 AM'
}
{
  method: 'POST',
  url: '/api/v1/auth/login',
  status: 400,
  content_length: '322',
  response_time: 139.819,
  level: 'http',
  message: 'incoming-request',
  timestamp: '2023-06-01 09:31:48.187 AM'
}
{
  method: 'GET',
  url: '/api/v1/auth/verify/38fc8f729fb4f85029ebf13bc68c4bc28a9089d3cd5653433235d3b3545337ab/647865495154f6666f4258b8',
  status: 302,
  content_length: '68',
  response_time: 210.379,
  level: 'http',
  message: 'incoming-request',
  timestamp: '2023-06-01 09:32:10.697 AM'
}
{
  method: 'POST',
  url: '/api/v1/auth/login',
  status: 200,
  content_length: '307',
  response_time: 267.494,
  level: 'http',
  message: 'incoming-request',
  timestamp: '2023-06-01 09:32:17.849 AM'
}
{
  method: 'GET',
  url: '/api/v1/auth/logout',
  status: 200,
  content_length: '70',
  response_time: 8.76,
  level: 'http',
  message: 'incoming-request',
  timestamp: '2023-06-01 09:32:27.171 AM'
}
{
  message: '\x1B[32m\x1B[1mMongoDB Connected: mongodb\x1B[22m\x1B[39m',
  level: 'info',
  timestamp: '2023-06-01 10:55:46.173 AM'
}
{
  message: 'Server running in development mode on port 5000',
  level: 'info',
  timestamp: '2023-06-01 10:55:46.211 AM'
}
{
  message: '\x1B[32m\x1B[1mMongoDB Connected: mongodb\x1B[22m\x1B[39m',
  level: 'info',
  timestamp: '2023-06-01 10:58:52.052 AM'
}
{
  message: '\x1B[32m\x1B[1mMongoDB Connected: mongodb\x1B[22m\x1B[39m',
  level: 'info',
  timestamp: '2023-06-01 10:59:01.423 AM'
}
{
  message: '\x1B[32m\x1B[1mMongoDB Connected: mongodb\x1B[22m\x1B[39m',
  level: 'info',
  timestamp: '2023-06-01 10:59:08.159 AM'
}
{
  message: '\x1B[32m\x1B[1mMongoDB Connected: mongodb\x1B[22m\x1B[39m',
  level: 'info',
  timestamp: '2023-06-01 10:59:15.217 AM'
}
{
  message: '\x1B[32m\x1B[1mMongoDB Connected: mongodb\x1B[22m\x1B[39m',
  level: 'info',
  timestamp: '2023-06-01 10:59:28.991 AM'
}
{
  message: '\x1B[32m\x1B[1mMongoDB Connected: mongodb\x1B[22m\x1B[39m',
  level: 'info',
  timestamp: '2023-06-01 10:59:37.182 AM'
}
{
  message: '\x1B[32m\x1B[1mMongoDB Connected: mongodb\x1B[22m\x1B[39m',
  level: 'info',
  timestamp: '2023-06-01 10:59:48.157 AM'
}
{
  message: '\x1B[32m\x1B[1mMongoDB Connected: mongodb\x1B[22m\x1B[39m',
  level: 'info',
  timestamp: '2023-06-01 11:00:03.456 AM'
}
{
  message: '\x1B[32m\x1B[1mMongoDB Connected: mongodb\x1B[22m\x1B[39m',
  level: 'info',
  timestamp: '2023-06-01 11:00:20.754 AM'
}
{
  message: '\x1B[32m\x1B[1mMongoDB Connected: mongodb\x1B[22m\x1B[39m',
  level: 'info',
  timestamp: '2023-06-01 11:00:50.916 AM'
}
{
  message: '\x1B[32m\x1B[1mMongoDB Connected: mongodb\x1B[22m\x1B[39m',
  level: 'info',
  timestamp: '2023-06-01 11:01:48.728 AM'
}
{
  message: '\x1B[32m\x1B[1mMongoDB Connected: mongodb\x1B[22m\x1B[39m',
  level: 'info',
  timestamp: '2023-06-01 11:02:56.247 AM'
}
{
  message: 'Server running in development mode on port 5000',
  level: 'info',
  timestamp: '2023-06-01 11:02:56.515 AM'
}
{
  message: '\x1B[32m\x1B[1mMongoDB Connected: mongodb\x1B[22m\x1B[39m',
  level: 'info',
  timestamp: '2023-06-01 11:04:48.724 AM'
}
{
  message: 'Server running in development mode on port 5000',
  level: 'info',
  timestamp: '2023-06-01 11:04:48.814 AM'
}
{
  message: '\x1B[32m\x1B[1mMongoDB Connected: mongodb\x1B[22m\x1B[39m',
  level: 'info',
  timestamp: '2023-06-01 11:09:48.418 AM'
}
{
  message: 'Server running in development mode on port 5000',
  level: 'info',
  timestamp: '2023-06-01 11:09:48.467 AM'
}
{
  method: 'GET',
  url: '/api/v1/user/profile',
  status: 401,
  content_length: '12',
  response_time: 4.198,
  level: 'http',
  message: 'incoming-request',
  timestamp: '2023-06-01 11:10:03.337 AM'
}
{
  method: 'GET',
  url: '/api/v1/user/profile',
  status: 401,
  content_length: '12',
  response_time: 0.65,
  level: 'http',
  message: 'incoming-request',
  timestamp: '2023-06-01 11:10:43.350 AM'
}
{
  method: 'GET',
  url: '/api/v1/user/profile',
  status: 401,
  content_length: '12',
  response_time: 2.033,
  level: 'http',
  message: 'incoming-request',
  timestamp: '2023-06-01 11:20:51.319 AM'
}
{
  method: 'GET',
  url: '/api/v1/user/profile',
  status: 403,
  content_length: '9',
  response_time: 27.881,
  level: 'http',
  message: 'incoming-request',
  timestamp: '2023-06-01 11:20:56.892 AM'
}
{
  message: '\x1B[32m\x1B[1mMongoDB Connected: mongodb\x1B[22m\x1B[39m',
  level: 'info',
  timestamp: '2023-06-01 11:55:57.368 AM'
}
{
  message: 'Server running in development mode on port 5000',
  level: 'info',
  timestamp: '2023-06-01 11:55:57.467 AM'
}
{
  method: 'GET',
  url: '/api/v1/user/profile',
  status: 403,
  content_length: '9',
  response_time: 73.29,
  level: 'http',
  message: 'incoming-request',
  timestamp: '2023-06-01 11:56:03.121 AM'
}
{
  method: 'GET',
  url: '/api/v1/user/profile',
  status: 403,
  content_length: '9',
  response_time: 5.15,
  level: 'http',
  message: 'incoming-request',
  timestamp: '2023-06-01 11:56:59.309 AM'
}
{
  method: 'GET',
  url: '/api/v1/user/profile',
  status: 403,
  content_length: '9',
  response_time: 2.074,
  level: 'http',
  message: 'incoming-request',
  timestamp: '2023-06-01 11:57:01.441 AM'
}
{
  method: 'GET',
  url: '/api/v1/user/profile',
  status: 403,
  content_length: '9',
  response_time: 2.77,
  level: 'http',
  message: 'incoming-request',
  timestamp: '2023-06-01 11:57:23.887 AM'
}
{
  method: 'GET',
  url: '/api/v1/user/profile',
  status: 403,
  content_length: '9',
  response_time: 1.013,
  level: 'http',
  message: 'incoming-request',
  timestamp: '2023-06-01 11:57:26.073 AM'
}
{
  method: 'GET',
  url: '/api/v1/user/profile',
  status: 403,
  content_length: '9',
  response_time: 1.014,
  level: 'http',
  message: 'incoming-request',
  timestamp: '2023-06-01 11:57:31.502 AM'
}
{
  method: 'GET',
  url: '/api/v1/user/profile',
  status: 403,
  content_length: '9',
  response_time: 2.439,
  level: 'http',
  message: 'incoming-request',
  timestamp: '2023-06-01 11:58:40.268 AM'
}
{
  message: 'incorrect email or password',
  level: 'error',
  timestamp: '2023-06-01 12:01:41.900 PM'
}
{
  method: 'POST',
  url: '/api/v1/auth/login',
  status: 401,
  content_length: '263',
  response_time: 27.263,
  level: 'http',
  message: 'incoming-request',
  timestamp: '2023-06-01 12:01:41.906 PM'
}
{
  method: 'POST',
  url: '/api/v1/auth/reset_password',
  status: 400,
  content_length: '365',
  response_time: 5.55,
  level: 'http',
  message: 'incoming-request',
  timestamp: '2023-06-01 12:02:00.900 PM'
}
{
  method: 'POST',
  url: '/api/v1/auth/register',
  status: 200,
  content_length: '151',
  response_time: 345.516,
  level: 'http',
  message: 'incoming-request',
  timestamp: '2023-06-01 12:02:32.333 PM'
}
{
  method: 'GET',
  url: '/api/v1/auth/verify/3f310a79409b605bfe88ad7c5415b8f962c651a6ab33b7ba6b04bfa0398ba64b/647888d7fa2f3306842ced21',
  status: 302,
  content_length: '68',
  response_time: 200.905,
  level: 'http',
  message: 'incoming-request',
  timestamp: '2023-06-01 12:02:51.612 PM'
}
{
  method: 'POST',
  url: '/api/v1/auth/login',
  status: 200,
  content_length: '311',
  response_time: 324.146,
  level: 'http',
  message: 'incoming-request',
  timestamp: '2023-06-01 12:03:11.024 PM'
}
{
  method: 'GET',
  url: '/api/v1/user/profile',
  status: 200,
  content_length: '297',
  response_time: 9.619,
  level: 'http',
  message: 'incoming-request',
  timestamp: '2023-06-01 12:04:16.229 PM'
}
{
  message: '\x1B[32m\x1B[1mMongoDB Connected: mongodb\x1B[22m\x1B[39m',
  level: 'info',
  timestamp: '2023-06-01 12:28:42.843 PM'
}
{
  message: 'Server running in development mode on port 5000',
  level: 'info',
  timestamp: '2023-06-01 12:28:42.898 PM'
}
{
  method: 'PATCH',
  url: '/api/v1/user/profile',
  status: 403,
  content_length: '9',
  response_time: 9.633,
  level: 'http',
  message: 'incoming-request',
  timestamp: '2023-06-01 12:29:35.293 PM'
}
{
  method: 'PATCH',
  url: '/api/v1/user/profile',
  status: 403,
  content_length: '9',
  response_time: 3.486,
  level: 'http',
  message: 'incoming-request',
  timestamp: '2023-06-01 12:29:40.840 PM'
}
{
  method: 'POST',
  url: '/api/v1/auth/login',
  status: 200,
  content_length: '311',
  response_time: 409.809,
  level: 'http',
  message: 'incoming-request',
  timestamp: '2023-06-01 12:29:47.112 PM'
}
{
  method: 'PATCH',
  url: '/api/v1/user/profile',
  status: 200,
  content_length: '408',
  response_time: 19.413,
  level: 'http',
  message: 'incoming-request',
  timestamp: '2023-06-01 12:30:13.493 PM'
}
{
  method: 'PATCH',
  url: '/api/v1/user/profile',
  status: 400,
  content_length: '319',
  response_time: 9.701,
  level: 'http',
  message: 'incoming-request',
  timestamp: '2023-06-01 12:30:36.919 PM'
}
{
  method: 'PATCH',
  url: '/api/v1/user/profile',
  status: 200,
  content_length: '410',
  response_time: 37.974,
  level: 'http',
  message: 'incoming-request',
  timestamp: '2023-06-01 12:31:05.376 PM'
}
{
  method: 'PATCH',
  url: '/api/v1/user/profile',
  status: 400,
  content_length: '319',
  response_time: 22.891,
  level: 'http',
  message: 'incoming-request',
  timestamp: '2023-06-01 12:31:25.687 PM'
}
{
  method: 'PATCH',
  url: '/api/v1/user/profile',
  status: 200,
  content_length: '407',
  response_time: 13.542,
  level: 'http',
  message: 'incoming-request',
  timestamp: '2023-06-01 12:31:50.120 PM'
}
{
  message: '\x1B[32m\x1B[1mMongoDB Connected: mongodb\x1B[22m\x1B[39m',
  level: 'info',
  timestamp: '2023-06-01 12:40:22.323 PM'
}
{
  message: 'Server running in development mode on port 5000',
  level: 'info',
  timestamp: '2023-06-01 12:40:22.349 PM'
}
{
  method: 'DELETE',
  url: '/api/v1/user/profile',
  status: 403,
  content_length: '9',
  response_time: 32.111,
  level: 'http',
  message: 'incoming-request',
  timestamp: '2023-06-01 12:40:46.509 PM'
}
{
  method: 'DELETE',
  url: '/api/v1/user/profile',
  status: 403,
  content_length: '9',
  response_time: 10.756,
  level: 'http',
  message: 'incoming-request',
  timestamp: '2023-06-01 12:40:49.846 PM'
}
{
  method: 'POST',
  url: '/api/v1/auth/login',
  status: 200,
  content_length: '310',
  response_time: 429.716,
  level: 'http',
  message: 'incoming-request',
  timestamp: '2023-06-01 12:40:57.446 PM'
}
{
  method: 'DELETE',
  url: '/api/v1/user/profile',
  status: 200,
  content_length: '63',
  response_time: 41.712,
  level: 'http',
  message: 'incoming-request',
  timestamp: '2023-06-01 12:41:28.893 PM'
}
{
  method: 'POST',
  url: '/api/v1/auth/register',
  status: 200,
  content_length: '148',
  response_time: 294.852,
  level: 'http',
  message: 'incoming-request',
  timestamp: '2023-06-01 12:43:01.930 PM'
}
{
  method: 'GET',
  url: '/api/v1/auth/verify/9c1d63d5ba658b7eac4044033285d8f3e02554987beff60332f4ce700b4e9ac9/64789255183684cc3275880d',
  status: 302,
  content_length: '68',
  response_time: 155.521,
  level: 'http',
  message: 'incoming-request',
  timestamp: '2023-06-01 12:43:21.947 PM'
}
{
  method: 'POST',
  url: '/api/v1/auth/login',
  status: 200,
  content_length: '301',
  response_time: 277.04,
  level: 'http',
  message: 'incoming-request',
  timestamp: '2023-06-01 12:43:42.817 PM'
}
{
  method: 'POST',
  url: '/api/v1/auth/login',
  status: 200,
  content_length: '301',
  response_time: 268.085,
  level: 'http',
  message: 'incoming-request',
  timestamp: '2023-06-01 12:43:48.534 PM'
}
{
  method: 'DELETE',
  url: '/api/v1/user/profile',
  status: 200,
  content_length: '63',
  response_time: 9.86,
  level: 'http',
  message: 'incoming-request',
  timestamp: '2023-06-01 12:44:28.963 PM'
}
{
  method: 'GET',
  url: '/api/v1/user/all',
  status: 404,
  content_length: '888',
  response_time: 3.015,
  level: 'http',
  message: 'incoming-request',
  timestamp: '2023-06-01 01:07:52.684 PM'
}
{
  message: '\x1B[32m\x1B[1mMongoDB Connected: mongodb\x1B[22m\x1B[39m',
  level: 'info',
  timestamp: '2023-06-01 01:09:10.079 PM'
}
{
  message: 'Server running in development mode on port 5000',
  level: 'info',
  timestamp: '2023-06-01 01:09:10.095 PM'
}
{
  method: 'GET',
  url: '/api/v1/user/all',
  status: 401,
  content_length: '12',
  response_time: 35.569,
  level: 'http',
  message: 'incoming-request',
  timestamp: '2023-06-01 01:09:27.006 PM'
}
{
  message: 'incorrect email or password',
  level: 'error',
  timestamp: '2023-06-01 01:09:37.225 PM'
}
{
  method: 'POST',
  url: '/api/v1/auth/login',
  status: 401,
  content_length: '263',
  response_time: 35.056,
  level: 'http',
  message: 'incoming-request',
  timestamp: '2023-06-01 01:09:37.239 PM'
}
{
  message: 'incorrect email or password',
  level: 'error',
  timestamp: '2023-06-01 01:09:47.657 PM'
}
{
  method: 'POST',
  url: '/api/v1/auth/login',
  status: 401,
  content_length: '263',
  response_time: 14.611,
  level: 'http',
  message: 'incoming-request',
  timestamp: '2023-06-01 01:09:47.668 PM'
}
{
  method: 'POST',
  url: '/api/v1/auth/register',
  status: 200,
  content_length: '601',
  response_time: 61.258,
  level: 'http',
  message: 'incoming-request',
  timestamp: '2023-06-01 01:10:17.178 PM'
}
{
  method: 'POST',
  url: '/api/v1/auth/register',
  status: 200,
  content_length: '148',
  response_time: 353.454,
  level: 'http',
  message: 'incoming-request',
  timestamp: '2023-06-01 01:10:27.433 PM'
}
{
  method: 'GET',
  url: '/api/v1/auth/verify/b8a7634c3a1d9cf906edb32119e078341f4cc3115fb75a40e0f4e1d54f19f1b3/647898c3d569f4345e1aea5b',
  status: 302,
  content_length: '68',
  response_time: 130.23,
  level: 'http',
  message: 'incoming-request',
  timestamp: '2023-06-01 01:10:46.100 PM'
}
{
  method: 'POST',
  url: '/api/v1/auth/login',
  status: 200,
  content_length: '301',
  response_time: 307.112,
  level: 'http',
  message: 'incoming-request',
  timestamp: '2023-06-01 01:11:03.071 PM'
}
{
  method: 'GET',
  url: '/api/v1/user/all',
  status: 401,
  content_length: '538',
  response_time: 7.627,
  level: 'http',
  message: 'incoming-request',
  timestamp: '2023-06-01 01:11:54.645 PM'
}
{
  method: 'GET',
  url: '/api/v1/user/all',
  status: 401,
  content_length: '538',
  response_time: 5.717,
  level: 'http',
  message: 'incoming-request',
  timestamp: '2023-06-01 01:12:39.075 PM'
}
{
  method: 'POST',
  url: '/api/v1/auth/login',
  status: 200,
  content_length: '312',
  response_time: 271.558,
  level: 'http',
  message: 'incoming-request',
  timestamp: '2023-06-01 01:12:47.116 PM'
}
{
  method: 'GET',
  url: '/api/v1/user/all',
  status: 200,
  content_length: '366',
  response_time: 331.215,
  level: 'http',
  message: 'incoming-request',
  timestamp: '2023-06-01 01:13:15.662 PM'
}
{
  method: 'GET',
  url: '/api/v1/user/all?pageNumber=20',
  status: 200,
  content_length: '55',
  response_time: 9.631,
  level: 'http',
  message: 'incoming-request',
  timestamp: '2023-06-01 01:13:26.818 PM'
}
{
  method: 'GET',
  url: '/api/v1/user/all?pageNumber=2',
  status: 200,
  content_length: '55',
  response_time: 12.97,
  level: 'http',
  message: 'incoming-request',
  timestamp: '2023-06-01 01:13:49.738 PM'
}
{
  method: 'GET',
  url: '/api/v1/user/all?pageNumber=1',
  status: 200,
  content_length: '366',
  response_time: 11.829,
  level: 'http',
  message: 'incoming-request',
  timestamp: '2023-06-01 01:13:54.814 PM'
}
{
  method: 'GET',
  url: '/api/v1/user/all',
  status: 200,
  content_length: '366',
  response_time: 11.469,
  level: 'http',
  message: 'incoming-request',
  timestamp: '2023-06-01 01:13:58.428 PM'
}
{
  message: '\x1B[32m\x1B[1mMongoDB Connected: mongodb\x1B[22m\x1B[39m',
  level: 'info',
  timestamp: '2023-06-01 01:28:26.340 PM'
}
{
  message: 'Server running in development mode on port 5000',
  level: 'info',
  timestamp: '2023-06-01 01:28:26.381 PM'
}
{
  method: 'DELETE',
  url: '/api/v1/user/dkjlfdklajsdfklsdafjkl',
  status: 401,
  content_length: '12',
  response_time: 10.393,
  level: 'http',
  message: 'incoming-request',
  timestamp: '2023-06-01 01:28:27.289 PM'
}
{
  method: 'DELETE',
  url: '/api/v1/user/dkjlfdklajsdfklsdafjkl',
  status: 403,
  content_length: '9',
  response_time: 4.663,
  level: 'http',
  message: 'incoming-request',
  timestamp: '2023-06-01 01:28:40.828 PM'
}
{
  method: 'DELETE',
  url: '/api/v1/user/dkjlfdklajsdfklsdafjkl',
  status: 403,
  content_length: '9',
  response_time: 1.747,
  level: 'http',
  message: 'incoming-request',
  timestamp: '2023-06-01 01:28:43.136 PM'
}
{
  method: 'POST',
  url: '/api/v1/auth/login',
  status: 200,
  content_length: '312',
  response_time: 500.117,
  level: 'http',
  message: 'incoming-request',
  timestamp: '2023-06-01 01:28:53.340 PM'
}
{
  method: 'DELETE',
  url: '/api/v1/user/dkjlfdklajsdfklsdafjkl',
  status: 200,
  content_length: '1099',
  response_time: 13.462,
  level: 'http',
  message: 'incoming-request',
  timestamp: '2023-06-01 01:29:20.438 PM'
}
{
  method: 'POST',
  url: '/api/v1/auth/register',
  status: 200,
  content_length: '150',
  response_time: 286.868,
  level: 'http',
  message: 'incoming-request',
  timestamp: '2023-06-01 01:30:10.437 PM'
}
{
  method: 'POST',
  url: '/api/v1/auth/register',
  status: 200,
  content_length: '154',
  response_time: 207.092,
  level: 'http',
  message: 'incoming-request',
  timestamp: '2023-06-01 01:30:32.897 PM'
}
{
  method: 'POST',
  url: '/api/v1/auth/register',
  status: 400,
  content_length: '362',
  response_time: 6.788,
  level: 'http',
  message: 'incoming-request',
  timestamp: '2023-06-01 01:30:37.136 PM'
}
{
  method: 'POST',
  url: '/api/v1/auth/register',
  status: 200,
  content_length: '157',
  response_time: 198.649,
  level: 'http',
  message: 'incoming-request',
  timestamp: '2023-06-01 01:30:48.640 PM'
}
{
  method: 'POST',
  url: '/api/v1/auth/login',
  status: 200,
  content_length: '312',
  response_time: 315.116,
  level: 'http',
  message: 'incoming-request',
  timestamp: '2023-06-01 01:30:58.424 PM'
}
{
  method: 'GET',
  url: '/api/v1/user/all',
  status: 200,
  content_length: '1346',
  response_time: 29.433,
  level: 'http',
  message: 'incoming-request',
  timestamp: '2023-06-01 01:31:36.035 PM'
}
{
  method: 'DELETE',
  url: '/api/v1/user/64789d880edd030b2fd47f9b',
  status: 200,
  content_length: '274',
  response_time: 10.175,
  level: 'http',
  message: 'incoming-request',
  timestamp: '2023-06-01 01:32:34.019 PM'
}
{
  method: 'DELETE',
  url: '/api/v1/user/64789d880edd030b2fd47f9b',
  status: 200,
  content_length: '274',
  response_time: 11.381,
  level: 'http',
  message: 'incoming-request',
  timestamp: '2023-06-01 01:33:14.091 PM'
}
{
  method: 'GET',
  url: '/api/v1/user/all',
  status: 200,
  content_length: '1346',
  response_time: 18.942,
  level: 'http',
  message: 'incoming-request',
  timestamp: '2023-06-01 01:33:22.789 PM'
}
{
  message: '\x1B[32m\x1B[1mMongoDB Connected: mongodb\x1B[22m\x1B[39m',
  level: 'info',
  timestamp: '2023-06-01 01:40:39.971 PM'
}
{
  message: 'Server running in development mode on port 5000',
  level: 'info',
  timestamp: '2023-06-01 01:40:40.004 PM'
}
{
  method: 'DELETE',
  url: '/api/v1/user/64789d880edd030b2fd47f9b',
  status: 403,
  content_length: '9',
  response_time: 11.872,
  level: 'http',
  message: 'incoming-request',
  timestamp: '2023-06-01 01:41:47.999 PM'
}
{
  method: 'POST',
  url: '/api/v1/auth/login',
  status: 200,
  content_length: '312',
  response_time: 527.45,
  level: 'http',
  message: 'incoming-request',
  timestamp: '2023-06-01 01:41:56.997 PM'
}
{
  method: 'GET',
  url: '/api/v1/user/all',
  status: 200,
  content_length: '1346',
  response_time: 32.807,
  level: 'http',
  message: 'incoming-request',
  timestamp: '2023-06-01 01:42:19.113 PM'
}
{
  method: 'DELETE',
  url: '/api/v1/user/64789d880edd030b2fd47f9b',
  status: 200,
  content_length: '67',
  response_time: 23.275,
  level: 'http',
  message: 'incoming-request',
  timestamp: '2023-06-01 01:42:29.976 PM'
}
{
  method: 'GET',
  url: '/api/v1/user/all',
  status: 200,
  content_length: '1007',
  response_time: 125.49,
  level: 'http',
  message: 'incoming-request',
  timestamp: '2023-06-01 01:50:20.336 PM'
}
{
  method: 'DELETE',
  url: '/api/v1/user/64789d780edd030b2fd47f95',
  status: 200,
  content_length: '64',
  response_time: 13.345,
  level: 'http',
  message: 'incoming-request',
  timestamp: '2023-06-01 01:50:34.644 PM'
}
{
  method: 'GET',
  url: '/api/v1/user/all',
  status: 200,
  content_length: '682',
  response_time: 16.209,
  level: 'http',
  message: 'incoming-request',
  timestamp: '2023-06-01 01:50:39.024 PM'
}
{
  method: 'DELETE',
  url: '/api/v1/user/647898c3d569f4345e1aea5b',
  status: 200,
  content_length: '58',
  response_time: 10.293,
  level: 'http',
  message: 'incoming-request',
  timestamp: '2023-06-01 01:50:52.041 PM'
}
{
  method: 'GET',
  url: '/api/v1/user/all',
  status: 200,
  content_length: '370',
  response_time: 13.671,
  level: 'http',
  message: 'incoming-request',
  timestamp: '2023-06-01 01:51:07.027 PM'
}
{
  method: 'POST',
  url: '/api/v1/auth/register',
  status: 200,
  content_length: '149',
  response_time: 382.797,
  level: 'http',
  message: 'incoming-request',
  timestamp: '2023-06-01 02:02:15.357 PM'
}
{
  method: 'GET',
  url: '/api/v1/auth/verify/5442aadc7aaa616c8bda811bdf49bce702088d6ff17186808d6afa698b9f41c9/6478a4e6fb1b2c18d23fb8c2',
  status: 302,
  content_length: '68',
  response_time: 166.637,
  level: 'http',
  message: 'incoming-request',
  timestamp: '2023-06-01 02:05:55.026 PM'
}
{
  method: 'POST',
  url: '/api/v1/auth/login',
  status: 200,
  content_length: '313',
  response_time: 277.825,
  level: 'http',
  message: 'incoming-request',
  timestamp: '2023-06-01 02:06:30.029 PM'
}
{
  method: 'GET',
  url: '/api/v1/user/all',
  status: 401,
  content_length: '538',
  response_time: 4.987,
  level: 'http',
  message: 'incoming-request',
  timestamp: '2023-06-01 02:07:04.976 PM'
}
{
  method: 'GET',
  url: '/api/v1/user/all',
  status: 401,
  content_length: '538',
  response_time: 7.89,
  level: 'http',
  message: 'incoming-request',
  timestamp: '2023-06-01 02:07:12.113 PM'
}
{
  method: 'POST',
  url: '/api/v1/auth/register',
  status: 200,
  content_length: '152',
  response_time: 210.85,
  level: 'http',
  message: 'incoming-request',
  timestamp: '2023-06-01 02:07:40.733 PM'
}
{
  method: 'GET',
  url: '/api/v1/auth/verify/7809d0bb0bf8ce31e2968d696a6e76452aed48734a60716d893b215997a77f66/6478a62cfb1b2c18d23fb8cf',
  status: 302,
  content_length: '68',
  response_time: 113.664,
  level: 'http',
  message: 'incoming-request',
  timestamp: '2023-06-01 02:07:58.205 PM'
}
{
  method: 'GET',
  url: '/api/v1/user/all',
  status: 401,
  content_length: '538',
  response_time: 6.255,
  level: 'http',
  message: 'incoming-request',
  timestamp: '2023-06-01 02:08:51.234 PM'
}
{
  method: 'POST',
  url: '/api/v1/auth/login',
  status: 200,
  content_length: '324',
  response_time: 261.442,
  level: 'http',
  message: 'incoming-request',
  timestamp: '2023-06-01 02:08:57.688 PM'
}
{
  method: 'POST',
  url: '/api/v1/auth/login',
  status: 200,
  content_length: '324',
  response_time: 268.372,
  level: 'http',
  message: 'incoming-request',
  timestamp: '2023-06-01 02:09:14.165 PM'
}
{
  method: 'GET',
  url: '/api/v1/user/all',
  status: 200,
  content_length: '1023',
  response_time: 13.924,
  level: 'http',
  message: 'incoming-request',
  timestamp: '2023-06-01 02:09:35.271 PM'
}
{
  method: 'PATCH',
  url: '/api/v1/user/6478a62cfb1b2c18d23fb8cf/deactivate',
  status: 404,
  content_length: '952',
  response_time: 0.927,
  level: 'http',
  message: 'incoming-request',
  timestamp: '2023-06-01 02:10:32.906 PM'
}
{
  message: '\x1B[32m\x1B[1mMongoDB Connected: mongodb\x1B[22m\x1B[39m',
  level: 'info',
  timestamp: '2023-06-01 02:12:17.145 PM'
}
{
  message: 'Server running in development mode on port 5000',
  level: 'info',
  timestamp: '2023-06-01 02:12:17.172 PM'
}
{
  method: 'PATCH',
  url: '/api/v1/user/6478a62cfb1b2c18d23fb8cf/deactivate',
  status: 404,
  content_length: '952',
  response_time: 4.7,
  level: 'http',
  message: 'incoming-request',
  timestamp: '2023-06-01 02:12:18.785 PM'
}
{
  message: '\x1B[32m\x1B[1mMongoDB Connected: mongodb\x1B[22m\x1B[39m',
  level: 'info',
  timestamp: '2023-06-01 02:14:36.091 PM'
}
{
  message: 'Server running in development mode on port 5000',
  level: 'info',
  timestamp: '2023-06-01 02:14:36.165 PM'
}
{
  method: 'PATCH',
  url: '/api/v1/user/6478a62cfb1b2c18d23fb8cf/deactivate',
  status: 401,
  content_length: '12',
  response_time: 5.217,
  level: 'http',
  message: 'incoming-request',
  timestamp: '2023-06-01 02:14:39.541 PM'
}
{
  method: 'POST',
  url: '/api/v1/auth/login',
  status: 200,
  content_length: '324',
  response_time: 530.544,
  level: 'http',
  message: 'incoming-request',
  timestamp: '2023-06-01 02:14:46.100 PM'
}
{
  method: 'PATCH',
  url: '/api/v1/user/6478a62cfb1b2c18d23fb8cf/deactivate',
  status: 401,
  content_length: '12',
  response_time: 1.177,
  level: 'http',
  message: 'incoming-request',
  timestamp: '2023-06-01 02:15:13.181 PM'
}
{
  method: 'PATCH',
  url: '/api/v1/user/6478a62cfb1b2c18d23fb8cf/deactivate',
  status: 401,
  content_length: '12',
  response_time: 0.41,
  level: 'http',
  message: 'incoming-request',
  timestamp: '2023-06-01 02:15:18.425 PM'
}
{
  method: 'PATCH',
  url: '/api/v1/user/6478a62cfb1b2c18d23fb8cf/deactivate',
  status: 200,
  content_length: '343',
  response_time: 29.57,
  level: 'http',
  message: 'incoming-request',
  timestamp: '2023-06-01 02:15:33.303 PM'
}
{
  method: 'PATCH',
  url: '/api/v1/user/6478a62cfb1b2c18d23fb8cf/deactivate',
  status: 200,
  content_length: '343',
  response_time: 24.609,
  level: 'http',
  message: 'incoming-request',
  timestamp: '2023-06-01 02:15:53.363 PM'
}
{
  method: 'PATCH',
  url: '/api/v1/user/6478a62cfb1b2c18d23fb8cf/deactivate',
  status: 200,
  content_length: '343',
  response_time: 13.294,
  level: 'http',
  message: 'incoming-request',
  timestamp: '2023-06-01 02:15:55.243 PM'
}
