{
  message: "email not sent: TypeError: Cannot read properties of undefined (reading 'sendMail')",
  level: 'error',
  timestamp: '2023-05-31 01:43:10.414 PM'
}
{
  message: "email not sent: TypeError: Cannot read properties of undefined (reading 'sendMail')",
  level: 'error',
  timestamp: '2023-05-31 01:52:08.453 PM'
}
{
  message: "email not sent: TypeError: Cannot read properties of undefined (reading 'sendMail')",
  level: 'error',
  timestamp: '2023-05-31 02:10:49.629 PM'
}
{
  message: 'incorrect email or password',
  level: 'error',
  timestamp: '2023-06-01 07:18:22.125 AM'
}
{
  message: 'incorrect email or password',
  level: 'error',
  timestamp: '2023-06-01 12:01:41.900 PM'
}
{
  message: 'incorrect email or password',
  level: 'error',
  timestamp: '2023-06-01 01:09:37.225 PM'
}
{
  message: 'incorrect email or password',
  level: 'error',
  timestamp: '2023-06-01 01:09:47.657 PM'
}
